2022-02-22 14:42:10.392696: E tensorflow/stream_executor/cuda/cuda_driver.cc:318] failed call to cuInit: UNKNOWN ERROR (303)
WARNING! IF USING FOR TISSUE SPLITTING, IT IS ADVISED TO SET --downsampleFactor TO HIGHER THAN DEFAULT OF 5
loading data
loading data
loading data
0.09
0.09
Model restored.
Inference...
TMA mode selected
4 cores detected!
Segmented core/tissue 1
Segmented core/tissue 2
Segmented core/tissue 3
Segmented core/tissue 4
Segmented all cores/tissues!
/usr/local/lib/python3.6/dist-packages/skimage/transform/_warps.py:105: UserWarning: The default mode, 'constant', will be changed to 'reflect' in skimage 0.15.
  warn("The default mode, 'constant', will be changed to 'reflect' in "
/usr/local/lib/python3.6/dist-packages/skimage/transform/_warps.py:110: UserWarning: Anti-aliasing will be enabled by default in skimage 0.15 to avoid aliasing artifacts when down-sampling images.
  warn("Anti-aliasing will be enabled by default in skimage 0.15 to "
/usr/local/lib/python3.6/dist-packages/skimage/external/tifffile/tifffile.py:444: UserWarning: writing incompatible bigtiff ImageJ
  warnings.warn("writing incompatible bigtiff ImageJ")
/usr/local/lib/python3.6/dist-packages/skimage/io/_io.py:140: UserWarning: ./masks/1_mask.tif is a low contrast image
  warn('%s is a low contrast image' % fname)
/usr/local/lib/python3.6/dist-packages/skimage/io/_io.py:140: UserWarning: ./masks/2_mask.tif is a low contrast image
  warn('%s is a low contrast image' % fname)
/usr/local/lib/python3.6/dist-packages/skimage/io/_io.py:140: UserWarning: ./masks/3_mask.tif is a low contrast image
  warn('%s is a low contrast image' % fname)
/usr/local/lib/python3.6/dist-packages/skimage/io/_io.py:140: UserWarning: ./masks/4_mask.tif is a low contrast image
  warn('%s is a low contrast image' % fname)
