Feb-22 15:24:36.728 [main] DEBUG nextflow.cli.Launcher - $> nextflow run labsyspharm/mcmicro --in exemplar-002 --tma
Feb-22 15:24:36.908 [main] INFO  nextflow.cli.CmdRun - N E X T F L O W  ~  version 21.10.6
Feb-22 15:24:38.051 [main] DEBUG nextflow.scm.AssetManager - Git config: /home/moritzneesen/.nextflow/assets/labsyspharm/mcmicro/.git/config; branch: master; remote: origin; url: https://github.com/labsyspharm/mcmicro.git
Feb-22 15:24:38.073 [main] DEBUG nextflow.scm.AssetManager - Git config: /home/moritzneesen/.nextflow/assets/labsyspharm/mcmicro/.git/config; branch: master; remote: origin; url: https://github.com/labsyspharm/mcmicro.git
Feb-22 15:24:38.202 [main] INFO  nextflow.cli.CmdRun - Launching `labsyspharm/mcmicro` [soggy_goldberg] - revision: d6be0b81d7 [master]
Feb-22 15:24:38.766 [main] INFO  nextflow.scm.AssetManager - NOTE: Your local project version looks outdated - a different revision is available in the remote repository [a5d547e868]
Feb-22 15:24:38.816 [main] DEBUG nextflow.config.ConfigBuilder - Found config base: /home/moritzneesen/.nextflow/assets/labsyspharm/mcmicro/nextflow.config
Feb-22 15:24:38.820 [main] DEBUG nextflow.config.ConfigBuilder - Parsing config file: /home/moritzneesen/.nextflow/assets/labsyspharm/mcmicro/nextflow.config
Feb-22 15:24:38.858 [main] DEBUG nextflow.config.ConfigBuilder - Applying config profile: `standard`
Feb-22 15:24:39.126 [main] DEBUG nextflow.plugin.PluginsFacade - Setting up plugin manager > mode=prod; plugins-dir=/home/moritzneesen/.nextflow/plugins
Feb-22 15:24:39.129 [main] DEBUG nextflow.plugin.PluginsFacade - Plugins default=[]
Feb-22 15:24:39.157 [main] INFO  org.pf4j.DefaultPluginStatusProvider - Enabled plugins: []
Feb-22 15:24:39.162 [main] INFO  org.pf4j.DefaultPluginStatusProvider - Disabled plugins: []
Feb-22 15:24:39.171 [main] INFO  org.pf4j.DefaultPluginManager - PF4J version 3.4.1 in 'deployment' mode
Feb-22 15:24:39.206 [main] INFO  org.pf4j.AbstractPluginManager - No plugins
Feb-22 15:24:39.289 [main] DEBUG nextflow.Session - Session uuid: 342de59e-c92b-4475-951a-e8b89004f31b
Feb-22 15:24:39.289 [main] DEBUG nextflow.Session - Run name: soggy_goldberg
Feb-22 15:24:39.291 [main] DEBUG nextflow.Session - Executor pool size: 8
Feb-22 15:24:39.335 [main] DEBUG nextflow.cli.CmdRun - 
  Version: 21.10.6 build 5660
  Created: 21-12-2021 16:55 UTC (17:55 CEST)
  System: Linux 5.10.16.3-microsoft-standard-WSL2
  Runtime: Groovy 3.0.9 on OpenJDK 64-Bit Server VM 11.0.13+8-Ubuntu-0ubuntu1.20.04
  Encoding: UTF-8 (UTF-8)
  Process: 932@DESKTOP-7177DQE [127.0.1.1]
  CPUs: 8 - Mem: 12.2 GB (9.6 GB) - Swap: 4 GB (4 GB)
Feb-22 15:24:39.372 [main] DEBUG nextflow.Session - Work-dir: /mnt/c/Users/draco/documents/schapiro_lab/mcmicrogui/data/work [v9fs]
Feb-22 15:24:39.373 [main] DEBUG nextflow.Session - Script base path does not exist or is not a directory: /home/moritzneesen/.nextflow/assets/labsyspharm/mcmicro/bin
Feb-22 15:24:39.384 [main] DEBUG nextflow.executor.ExecutorFactory - Extension executors providers=[]
Feb-22 15:24:39.400 [main] DEBUG nextflow.Session - Observer factory: DefaultObserverFactory
Feb-22 15:24:39.556 [main] DEBUG nextflow.util.CustomThreadPool - Creating default thread pool > poolSize: 9; maxThreads: 1000
Feb-22 15:24:39.803 [main] DEBUG nextflow.Session - Session start invoked
Feb-22 15:24:39.824 [main] DEBUG nextflow.Session - Using default localLib path: /home/moritzneesen/.nextflow/assets/labsyspharm/mcmicro/lib
Feb-22 15:24:39.831 [main] DEBUG nextflow.Session - Adding to the classpath library: /home/moritzneesen/.nextflow/assets/labsyspharm/mcmicro/lib
Feb-22 15:24:40.610 [main] DEBUG nextflow.script.ScriptRunner - > Launching execution
Feb-22 15:24:40.745 [main] DEBUG nextflow.util.CustomThreadPool - Creating default thread pool > poolSize: 9; maxThreads: 1000
Feb-22 15:24:43.022 [main] DEBUG nextflow.executor.ExecutorFactory - << taskConfig executor: null
Feb-22 15:24:43.022 [main] DEBUG nextflow.executor.ExecutorFactory - >> processorType: 'local'
Feb-22 15:24:43.032 [main] DEBUG nextflow.executor.Executor - [warm up] executor > local
Feb-22 15:24:43.043 [main] DEBUG n.processor.LocalPollingMonitor - Creating local task monitor for executor 'local' > cpus=8; memory=12.2 GB; capacity=8; pollInterval=100ms; dumpInterval=5m
Feb-22 15:24:43.305 [main] DEBUG nextflow.executor.ExecutorFactory - << taskConfig executor: null
Feb-22 15:24:43.306 [main] DEBUG nextflow.executor.ExecutorFactory - >> processorType: 'local'
Feb-22 15:24:43.342 [main] DEBUG nextflow.executor.ExecutorFactory - << taskConfig executor: null
Feb-22 15:24:43.342 [main] DEBUG nextflow.executor.ExecutorFactory - >> processorType: 'local'
Feb-22 15:24:43.401 [main] DEBUG nextflow.executor.ExecutorFactory - << taskConfig executor: null
Feb-22 15:24:43.402 [main] DEBUG nextflow.executor.ExecutorFactory - >> processorType: 'local'
Feb-22 15:24:43.455 [main] DEBUG nextflow.executor.ExecutorFactory - << taskConfig executor: null
Feb-22 15:24:43.455 [main] DEBUG nextflow.executor.ExecutorFactory - >> processorType: 'local'
Feb-22 15:24:43.484 [main] DEBUG nextflow.executor.ExecutorFactory - << taskConfig executor: null
Feb-22 15:24:43.485 [main] DEBUG nextflow.executor.ExecutorFactory - >> processorType: 'local'
Feb-22 15:24:43.512 [main] DEBUG nextflow.executor.ExecutorFactory - << taskConfig executor: null
Feb-22 15:24:43.513 [main] DEBUG nextflow.executor.ExecutorFactory - >> processorType: 'local'
Feb-22 15:24:43.520 [main] DEBUG nextflow.Session - Workflow process names [dsl2]: segmentation:s3seg, illumination, dearray:coreograph, quantification:mcquant, coreograph, segmentation:worker, s3seg, mcquant, worker, ashlar, registration:ashlar, cellstates:worker
Feb-22 15:24:43.522 [main] DEBUG nextflow.extension.CH - Bridging dataflow queue=DataflowQueue(queue=[])
Feb-22 15:24:43.525 [main] DEBUG nextflow.extension.CH - Bridging dataflow queue=DataflowQueue(queue=[])
Feb-22 15:24:43.526 [main] DEBUG nextflow.extension.CH - Bridging dataflow queue=DataflowQueue(queue=[])
Feb-22 15:24:43.527 [main] DEBUG nextflow.extension.CH - Bridging dataflow queue=DataflowQueue(queue=[])
Feb-22 15:24:43.528 [main] DEBUG nextflow.extension.CH - Bridging dataflow queue=DataflowQueue(queue=[])
Feb-22 15:24:43.529 [main] DEBUG nextflow.extension.CH - Bridging dataflow queue=DataflowQueue(queue=[])
Feb-22 15:24:43.530 [main] DEBUG nextflow.Session - Ignite dataflow network (20)
Feb-22 15:24:43.540 [PathVisitor-1] DEBUG nextflow.file.PathVisitor - files for syntax: glob; folder: exemplar-002/illumination_profiles/; pattern: *; options: [:]
Feb-22 15:24:43.546 [PathVisitor-3] DEBUG nextflow.file.PathVisitor - files for syntax: glob; folder: exemplar-002/raw/; pattern: **{.ome.tiff,.ome.tif,.rcpnl,.btf,.nd2,.tif,.czi}; options: [:]
Feb-22 15:24:43.548 [PathVisitor-1] DEBUG nextflow.file.PathVisitor - No such file: exemplar-002/illumination_profiles/ -- Skipping visit
Feb-22 15:24:43.548 [PathVisitor-4] DEBUG nextflow.file.PathVisitor - files for syntax: glob; folder: exemplar-002/illumination/; pattern: *-dfp.tif; options: [:]
Feb-22 15:24:43.555 [PathVisitor-5] DEBUG nextflow.file.PathVisitor - files for syntax: glob; folder: exemplar-002/illumination/; pattern: *-ffp.tif; options: [:]
Feb-22 15:24:43.565 [main] DEBUG nextflow.processor.TaskProcessor - Starting process > illumination
Feb-22 15:24:43.567 [main] DEBUG nextflow.processor.TaskProcessor - Starting process > registration:ashlar
Feb-22 15:24:43.573 [main] DEBUG nextflow.processor.TaskProcessor - Starting process > dearray:coreograph
Feb-22 15:24:43.579 [main] DEBUG nextflow.processor.TaskProcessor - Starting process > segmentation:worker
Feb-22 15:24:43.588 [main] DEBUG nextflow.processor.TaskProcessor - Starting process > segmentation:s3seg
Feb-22 15:24:43.590 [main] DEBUG nextflow.processor.TaskProcessor - Starting process > quantification:mcquant
Feb-22 15:24:43.591 [main] DEBUG nextflow.processor.TaskProcessor - Starting process > cellstates:worker
Feb-22 15:24:43.594 [main] DEBUG nextflow.script.ScriptRunner - > Await termination 
Feb-22 15:24:43.595 [main] DEBUG nextflow.Session - Session await
Feb-22 15:24:44.214 [Actor Thread 12] DEBUG nextflow.util.CacheHelper - Unable to get file attributes file: exemplar-002-cycle-01.ome.tiff -- Cause: java.nio.file.NoSuchFileException: exemplar-002-cycle-01.ome.tiff
Feb-22 15:24:44.217 [Actor Thread 12] DEBUG nextflow.util.CacheHelper - Unable to get file attributes file: exemplar-002-cycle-02.ome.tiff -- Cause: java.nio.file.NoSuchFileException: exemplar-002-cycle-02.ome.tiff
Feb-22 15:24:44.218 [Actor Thread 12] DEBUG nextflow.util.CacheHelper - Unable to get file attributes file: exemplar-002-cycle-03.ome.tiff -- Cause: java.nio.file.NoSuchFileException: exemplar-002-cycle-03.ome.tiff
Feb-22 15:24:44.220 [Actor Thread 12] DEBUG nextflow.util.CacheHelper - Unable to get file attributes file: exemplar-002-cycle-04.ome.tiff -- Cause: java.nio.file.NoSuchFileException: exemplar-002-cycle-04.ome.tiff
Feb-22 15:24:44.221 [Actor Thread 12] DEBUG nextflow.util.CacheHelper - Unable to get file attributes file: exemplar-002-cycle-05.ome.tiff -- Cause: java.nio.file.NoSuchFileException: exemplar-002-cycle-05.ome.tiff
Feb-22 15:24:44.223 [Actor Thread 12] DEBUG nextflow.util.CacheHelper - Unable to get file attributes file: exemplar-002-cycle-06.ome.tiff -- Cause: java.nio.file.NoSuchFileException: exemplar-002-cycle-06.ome.tiff
Feb-22 15:24:44.224 [Actor Thread 12] DEBUG nextflow.util.CacheHelper - Unable to get file attributes file: exemplar-002-cycle-07.ome.tiff -- Cause: java.nio.file.NoSuchFileException: exemplar-002-cycle-07.ome.tiff
Feb-22 15:24:44.226 [Actor Thread 12] DEBUG nextflow.util.CacheHelper - Unable to get file attributes file: exemplar-002-cycle-08.ome.tiff -- Cause: java.nio.file.NoSuchFileException: exemplar-002-cycle-08.ome.tiff
Feb-22 15:24:44.227 [Actor Thread 12] DEBUG nextflow.util.CacheHelper - Unable to get file attributes file: exemplar-002-cycle-09.ome.tiff -- Cause: java.nio.file.NoSuchFileException: exemplar-002-cycle-09.ome.tiff
Feb-22 15:24:44.229 [Actor Thread 12] DEBUG nextflow.util.CacheHelper - Unable to get file attributes file: exemplar-002-cycle-10.ome.tiff -- Cause: java.nio.file.NoSuchFileException: exemplar-002-cycle-10.ome.tiff
Feb-22 15:24:44.480 [Task submitter] DEBUG nextflow.executor.LocalTaskHandler - Launch cmd line: /bin/bash -ue .command.run
Feb-22 15:24:44.489 [Task submitter] INFO  nextflow.Session - [fb/cf0fb3] Submitted process > registration:ashlar
Feb-22 15:29:43.207 [Task monitor] DEBUG n.processor.TaskPollingMonitor - !! executor local > tasks to be completed: 1 -- submitted tasks are shown below
~> TaskHandler[id: 11; name: registration:ashlar; status: RUNNING; exit: -; error: -; workDir: /mnt/c/Users/draco/documents/schapiro_lab/mcmicrogui/data/work/fb/cf0fb3f3bde2eda139b30eaaedebbe]
Feb-22 15:34:43.267 [Task monitor] DEBUG n.processor.TaskPollingMonitor - !! executor local > tasks to be completed: 1 -- submitted tasks are shown below
~> TaskHandler[id: 11; name: registration:ashlar; status: RUNNING; exit: -; error: -; workDir: /mnt/c/Users/draco/documents/schapiro_lab/mcmicrogui/data/work/fb/cf0fb3f3bde2eda139b30eaaedebbe]
Feb-22 15:39:43.274 [Task monitor] DEBUG n.processor.TaskPollingMonitor - !! executor local > tasks to be completed: 1 -- submitted tasks are shown below
~> TaskHandler[id: 11; name: registration:ashlar; status: RUNNING; exit: -; error: -; workDir: /mnt/c/Users/draco/documents/schapiro_lab/mcmicrogui/data/work/fb/cf0fb3f3bde2eda139b30eaaedebbe]
Feb-22 15:41:56.732 [Task monitor] DEBUG n.processor.TaskPollingMonitor - Task completed > TaskHandler[id: 11; name: registration:ashlar; status: COMPLETED; exit: 0; error: -; workDir: /mnt/c/Users/draco/documents/schapiro_lab/mcmicrogui/data/work/fb/cf0fb3f3bde2eda139b30eaaedebbe]
Feb-22 15:41:56.780 [Task monitor] DEBUG n.util.BlockingThreadExecutorFactory - Thread pool name=FileTransfer; maxThreads=24; maxQueueSize=72; keepAlive=1m
Feb-22 15:41:56.817 [Task submitter] DEBUG nextflow.executor.LocalTaskHandler - Launch cmd line: /bin/bash -ue .command.run
Feb-22 15:41:56.820 [Task submitter] INFO  nextflow.Session - [b4/f931d9] Submitted process > dearray:coreograph (1)
Feb-22 15:44:43.289 [Task monitor] DEBUG n.processor.TaskPollingMonitor - !! executor local > tasks to be completed: 1 -- submitted tasks are shown below
~> TaskHandler[id: 12; name: dearray:coreograph (1); status: RUNNING; exit: -; error: -; workDir: /mnt/c/Users/draco/documents/schapiro_lab/mcmicrogui/data/work/b4/f931d9955f5e1e401ec26b6953c88e]
Feb-22 15:49:43.342 [Task monitor] DEBUG n.processor.TaskPollingMonitor - !! executor local > tasks to be completed: 1 -- submitted tasks are shown below
~> TaskHandler[id: 12; name: dearray:coreograph (1); status: RUNNING; exit: -; error: -; workDir: /mnt/c/Users/draco/documents/schapiro_lab/mcmicrogui/data/work/b4/f931d9955f5e1e401ec26b6953c88e]
Feb-22 15:52:37.118 [Task monitor] DEBUG n.processor.TaskPollingMonitor - Task completed > TaskHandler[id: 12; name: dearray:coreograph (1); status: COMPLETED; exit: 0; error: -; workDir: /mnt/c/Users/draco/documents/schapiro_lab/mcmicrogui/data/work/b4/f931d9955f5e1e401ec26b6953c88e]
Feb-22 15:52:37.839 [Task submitter] DEBUG nextflow.executor.LocalTaskHandler - Launch cmd line: /bin/bash -ue .command.run
Feb-22 15:52:37.843 [Task submitter] INFO  nextflow.Session - [56/41a70d] Submitted process > segmentation:worker (unmicst-2)
Feb-22 15:52:37.909 [Task submitter] DEBUG nextflow.executor.LocalTaskHandler - Launch cmd line: /bin/bash -ue .command.run
Feb-22 15:52:37.910 [Task submitter] INFO  nextflow.Session - [4b/66286a] Submitted process > segmentation:worker (unmicst-4)
Feb-22 15:52:37.960 [Task submitter] DEBUG nextflow.executor.LocalTaskHandler - Launch cmd line: /bin/bash -ue .command.run
Feb-22 15:52:37.963 [Task submitter] INFO  nextflow.Session - [ce/ed0c34] Submitted process > segmentation:worker (unmicst-1)
Feb-22 15:52:38.017 [Task submitter] DEBUG nextflow.executor.LocalTaskHandler - Launch cmd line: /bin/bash -ue .command.run
Feb-22 15:52:38.026 [Task submitter] INFO  nextflow.Session - [24/e4f186] Submitted process > segmentation:worker (unmicst-3)
Feb-22 15:54:43.924 [Task monitor] DEBUG n.processor.TaskPollingMonitor - !! executor local > tasks to be completed: 4 -- submitted tasks are shown below
~> TaskHandler[id: 14; name: segmentation:worker (unmicst-2); status: RUNNING; exit: -; error: -; workDir: /mnt/c/Users/draco/documents/schapiro_lab/mcmicrogui/data/work/56/41a70dfcbe46192a64b2661cbad60e]
~> TaskHandler[id: 16; name: segmentation:worker (unmicst-4); status: RUNNING; exit: -; error: -; workDir: /mnt/c/Users/draco/documents/schapiro_lab/mcmicrogui/data/work/4b/66286a9cbe128ece5df71a39753f9d]
~> TaskHandler[id: 13; name: segmentation:worker (unmicst-1); status: RUNNING; exit: -; error: -; workDir: /mnt/c/Users/draco/documents/schapiro_lab/mcmicrogui/data/work/ce/ed0c34958c56b04ad21f3cfd18eeb1]
~> TaskHandler[id: 15; name: segmentation:worker (unmicst-3); status: RUNNING; exit: -; error: -; workDir: /mnt/c/Users/draco/documents/schapiro_lab/mcmicrogui/data/work/24/e4f186d8b03588a9a105050426b8f4]
Feb-22 16:00:12.949 [Task monitor] DEBUG n.processor.TaskPollingMonitor - !! executor local > tasks to be completed: 4 -- submitted tasks are shown below
~> TaskHandler[id: 14; name: segmentation:worker (unmicst-2); status: RUNNING; exit: -; error: -; workDir: /mnt/c/Users/draco/documents/schapiro_lab/mcmicrogui/data/work/56/41a70dfcbe46192a64b2661cbad60e]
~> TaskHandler[id: 16; name: segmentation:worker (unmicst-4); status: RUNNING; exit: -; error: -; workDir: /mnt/c/Users/draco/documents/schapiro_lab/mcmicrogui/data/work/4b/66286a9cbe128ece5df71a39753f9d]
~> TaskHandler[id: 13; name: segmentation:worker (unmicst-1); status: RUNNING; exit: -; error: -; workDir: /mnt/c/Users/draco/documents/schapiro_lab/mcmicrogui/data/work/ce/ed0c34958c56b04ad21f3cfd18eeb1]
~> TaskHandler[id: 15; name: segmentation:worker (unmicst-3); status: RUNNING; exit: -; error: -; workDir: /mnt/c/Users/draco/documents/schapiro_lab/mcmicrogui/data/work/24/e4f186d8b03588a9a105050426b8f4]
Feb-22 16:01:32.231 [SIGHUP handler] DEBUG nextflow.Session - Session aborted -- Cause: SIGHUP
Feb-22 16:01:32.254 [SIGHUP handler] DEBUG nextflow.Session - Session aborted -- Cause: SIGHUP
Feb-22 16:01:32.403 [SIGHUP handler] DEBUG nextflow.Session - The following nodes are still active:
[process] segmentation:s3seg
  status=ACTIVE
  port 0: (value) bound ; channel: module
  port 1: (queue) OPEN  ; channel: -
  port 2: (value) bound ; channel: pubDir
  port 3: (cntrl) -     ; channel: $

[process] quantification:mcquant
  status=ACTIVE
  port 0: (value) bound ; channel: module
  port 1: (queue) OPEN  ; channel: -
  port 2: (cntrl) -     ; channel: $

[process] cellstates:worker
  status=ACTIVE
  port 0: (queue) OPEN  ; channel: -
  port 1: (value) bound ; channel: outfmt
  port 2: (value) bound ; channel: idxStep
  port 3: (cntrl) -     ; channel: $

Feb-22 16:01:32.422 [main] DEBUG nextflow.Session - Session await > all process finished
Feb-22 16:01:35.793 [main] DEBUG nextflow.Session - Session await > all barriers passed
Feb-22 16:01:35.290 [SIGHUP handler] DEBUG nextflow.Session - The following nodes are still active:
[process] segmentation:s3seg
  status=ACTIVE
  port 0: (value) bound ; channel: module
  port 1: (queue) OPEN  ; channel: -
  port 2: (value) bound ; channel: pubDir
  port 3: (cntrl) -     ; channel: $

[process] quantification:mcquant
  status=ACTIVE
  port 0: (value) bound ; channel: module
  port 1: (queue) OPEN  ; channel: -
  port 2: (cntrl) -     ; channel: $

[process] cellstates:worker
  status=ACTIVE
  port 0: (queue) OPEN  ; channel: -
  port 1: (value) bound ; channel: outfmt
  port 2: (value) bound ; channel: idxStep
  port 3: (cntrl) -     ; channel: $

Feb-22 16:01:36.144 [main] WARN  n.processor.TaskPollingMonitor - Killing pending tasks (4)
Feb-22 16:01:59.301 [main] INFO  nextflow.Session - Waiting files transfer to complete (5 files)
